<?xml version="1.0" encoding="UTF-8"?>
<testng-results skipped="0" failed="1" ignored="0" total="2" passed="1">
  <reporter-output>
  </reporter-output>
  <suite name="Default suite" duration-ms="14467" started-at="2020-05-17T09:23:21Z" finished-at="2020-05-17T09:23:35Z">
    <groups>
    </groups>
    <test name="Default test" duration-ms="14467" started-at="2020-05-17T09:23:21Z" finished-at="2020-05-17T09:23:35Z">
      <class name="testscript.WelcomePageTest">
        <test-method status="PASS" signature="setup()[pri:0, instance:testscript.WelcomePageTest@1e6d1014]" name="setup" is-config="true" duration-ms="13638" started-at="2020-05-17T09:23:21Z" finished-at="2020-05-17T09:23:34Z">
          <reporter-output>
          </reporter-output>
        </test-method> <!-- setup -->
        <test-method status="FAIL" signature="verifyMercuryLogo()[pri:0, instance:testscript.WelcomePageTest@1e6d1014]" name="verifyMercuryLogo" duration-ms="20" started-at="2020-05-17T09:23:34Z" finished-at="2020-05-17T09:23:34Z">
          <exception class="java.lang.NullPointerException">
            <full-stacktrace>
              <![CDATA[java.lang.NullPointerException
at org.openqa.selenium.support.pagefactory.DefaultElementLocator.findElement(DefaultElementLocator.java:69)
at org.openqa.selenium.support.pagefactory.internal.LocatingElementHandler.invoke(LocatingElementHandler.java:38)
at com.sun.proxy.$Proxy9.isDisplayed(Unknown Source)
at pageobjects.WelcomePage.validateMercuryLogo(WelcomePage.java:33)
at testscript.WelcomePageTest.verifyMercuryLogo(WelcomePageTest.java:31)
at sun.reflect.NativeMethodAccessorImpl.invoke0(Native Method)
at sun.reflect.NativeMethodAccessorImpl.invoke(Unknown Source)
at sun.reflect.DelegatingMethodAccessorImpl.invoke(Unknown Source)
at java.lang.reflect.Method.invoke(Unknown Source)
at org.testng.internal.MethodInvocationHelper.invokeMethod(MethodInvocationHelper.java:124)
at org.testng.internal.Invoker.invokeMethod(Invoker.java:583)
at org.testng.internal.Invoker.invokeTestMethod(Invoker.java:719)
at org.testng.internal.Invoker.invokeTestMethods(Invoker.java:989)
at org.testng.internal.TestMethodWorker.invokeTestMethods(TestMethodWorker.java:125)
at org.testng.internal.TestMethodWorker.run(TestMethodWorker.java:109)
at org.testng.TestRunner.privateRun(TestRunner.java:648)
at org.testng.TestRunner.run(TestRunner.java:505)
at org.testng.SuiteRunner.runTest(SuiteRunner.java:455)
at org.testng.SuiteRunner.runSequentially(SuiteRunner.java:450)
at org.testng.SuiteRunner.privateRun(SuiteRunner.java:415)
at org.testng.SuiteRunner.run(SuiteRunner.java:364)
at org.testng.SuiteRunnerWorker.runSuite(SuiteRunnerWorker.java:52)
at org.testng.SuiteRunnerWorker.run(SuiteRunnerWorker.java:84)
at org.testng.TestNG.runSuitesSequentially(TestNG.java:1208)
at org.testng.TestNG.runSuitesLocally(TestNG.java:1137)
at org.testng.TestNG.runSuites(TestNG.java:1049)
at org.testng.TestNG.run(TestNG.java:1017)
at org.testng.remote.AbstractRemoteTestNG.run(AbstractRemoteTestNG.java:115)
at org.testng.remote.RemoteTestNG.initAndRun(RemoteTestNG.java:251)
at org.testng.remote.RemoteTestNG.main(RemoteTestNG.java:77)
]]>
            </full-stacktrace>
          </exception> <!-- java.lang.NullPointerException -->
          <reporter-output>
          </reporter-output>
        </test-method> <!-- verifyMercuryLogo -->
        <test-method status="PASS" signature="verifyWelcomePage()[pri:0, instance:testscript.WelcomePageTest@1e6d1014]" name="verifyWelcomePage" duration-ms="52" started-at="2020-05-17T09:23:35Z" finished-at="2020-05-17T09:23:35Z">
          <reporter-output>
          </reporter-output>
        </test-method> <!-- verifyWelcomePage -->
        <test-method status="PASS" signature="closeBrowser()[pri:0, instance:testscript.WelcomePageTest@1e6d1014]" name="closeBrowser" is-config="true" duration-ms="660" started-at="2020-05-17T09:23:35Z" finished-at="2020-05-17T09:23:35Z">
          <reporter-output>
          </reporter-output>
        </test-method> <!-- closeBrowser -->
      </class> <!-- testscript.WelcomePageTest -->
    </test> <!-- Default test -->
  </suite> <!-- Default suite -->
</testng-results>
